import os
import json
import logging

# Настройка логирования
logging.basicConfig(
    filename='app.log',
    filemode='w',  # Перезаписываем лог-файл при каждом запуске
    format='%(asctime)s - %(module)s - %(levelname)s - %(message)s',
    level=logging.INFO
)

def load_transactions_from_json(file_path):
    # Проверяем, существует ли файл
    if not os.path.isfile(file_path):
        logging.warning(f'Файл не найден: {file_path}')
        return []  # Файл не найден, возвращаем пустой список

    # Читаем данные из файла
    with open(file_path, 'r') as file:
        try:
            data = json.load(file)  # Загружаем данные из JSON-файла
        except json.JSONDecodeError as e:
            logging.error(f'Ошибка декодирования JSON в файле {file_path}: {e}')
            return []  # Если не удалось декодировать JSON, возвращаем пустой список

    # Проверяем, является ли загруженные данные списком
    if isinstance(data, list):
        logging.info(f'Успешно загружено {len(data)} транзакций из {file_path}')
        return data  # Возвращаем список словарей
    else:
        logging.warning(f'Загруженные данные не являются списком: {file_path}')
        return []  # Если данные не являются списком, возвращаем пустой список


